Arguments: 
  C:\Program Files\nodejs\node.exe C:\Users\fcsie\AppData\Roaming\npm\node_modules\yarn\bin\yarn.js add @chakra-ui/gatsby-plugin @chakra-ui/react @emotion/react @emotion/styled framer-motion

PATH: 
  C:\Program Files (x86)\Common Files\Oracle\Java\javapath;C:\WINDOWS\system32;C:\WINDOWS;C:\WINDOWS\System32\Wbem;C:\WINDOWS\System32\WindowsPowerShell\v1.0\;C:\Program Files\Microsoft SQL Server\130\Tools\Binn\;C:\Program Files\Microsoft SQL Server\Client SDK\ODBC\170\Tools\Binn\;C:\WINDOWS\System32\OpenSSH\;C:\Program Files (x86)\NVIDIA Corporation\PhysX\Common;C:\Program Files\NVIDIA Corporation\NVIDIA NvDLISR;C:\Program Files\Git\cmd;C:\Program Files\nodejs\;C:\Program Files\Docker\Docker\resources\bin;C:\ProgramData\DockerDesktop\version-bin;C:\Users\fcsie\AppData\Local\Programs\Python\Python310\Scripts\;C:\Users\fcsie\AppData\Local\Programs\Python\Python310\;C:\Users\fcsie\AppData\Local\Microsoft\WindowsApps;C:\Users\fcsie\.dotnet\tools;C:\Users\fcsie\AppData\Local\GitHubDesktop\bin;C:\Users\fcsie\AppData\Local\Programs\Microsoft VS Code\bin;C:\Users\fcsie\AppData\Roaming\npm;C:\Program Files\Java\jdk-17.0.1\bin;;C:\Program Files\JetBrains\PyCharm Community Edition 2021.3.2\bin;

Yarn version: 
  1.22.17

Node version: 
  16.13.0

Platform: 
  win32 x64

Trace: 
  Error: EPERM: operation not permitted, unlink 'C:\Users\fcsie\Desktop\Application practice\portfolio\node_modules\@parcel\fs-search\fs-search.win32-x64-msvc.node'

npm manifest: 
  {
    "name": "tfolio",
    "version": "1.0.0",
    "private": true,
    "description": "portfolio",
    "author": "Wilson Sie",
    "keywords": [
      "gatsby"
    ],
    "scripts": {
      "develop": "gatsby develop",
      "start": "gatsby develop",
      "build": "gatsby build",
      "serve": "gatsby serve",
      "clean": "gatsby clean"
    },
    "dependencies": {
      "@mdx-js/mdx": "^1.6.22",
      "@mdx-js/react": "^1.6.22",
      "bootstrap": "^5.2.0-beta1",
      "gatsby": "^4.15.1",
      "gatsby-plugin-image": "^2.15.0",
      "gatsby-plugin-mdx": "^3.15.0",
      "gatsby-plugin-sass": "^5.15.0",
      "gatsby-plugin-sharp": "^4.15.0",
      "gatsby-plugin-sitemap": "^5.15.0",
      "gatsby-source-filesystem": "^4.15.0",
      "gatsby-transformer-sharp": "^4.15.0",
      "react": "^18.1.0",
      "react-aria": "^3.15.0",
      "react-bootstrap": "^2.4.0",
      "react-dom": "^18.1.0",
      "react-typewriter-effect": "^1.1.0",
      "sass": "^1.52.1"
    }
  }

yarn manifest: 
  No manifest

Lockfile: 
  No lockfile
